\BOOKMARK [1][-]{Dedication.1}{Dedication}{}% 1
\BOOKMARK [1][-]{Abstract.1}{Abstract}{}% 2
\BOOKMARK [1][-]{Publications.1}{Publications}{}% 3
\BOOKMARK [1][-]{Acknowledgements.1}{Acknowledgements}{}% 4
\BOOKMARK [1][-]{tableofcontents.1}{Contents}{}% 5
\BOOKMARK [1][-]{lof.1}{List of Figures}{}% 6
\BOOKMARK [1][-]{lot.1}{List of Tables}{}% 7
\BOOKMARK [1][-]{lol.1}{Listings}{}% 8
\BOOKMARK [1][-]{acronyms.1}{Acronyms}{}% 9
\BOOKMARK [-1][]{part.1}{Some Kind of Manual}{}% 10
\BOOKMARK [0][]{chapter.1}{1 Introduction}{part.1}% 11
\BOOKMARK [1][-]{section.1.1}{1.1 Organization}{chapter.1}% 12
\BOOKMARK [1][-]{section.1.2}{1.2 Style Options}{chapter.1}% 13
\BOOKMARK [1][-]{section.1.3}{1.3 Customization}{chapter.1}% 14
\BOOKMARK [1][-]{section.1.4}{1.4 Issues}{chapter.1}% 15
\BOOKMARK [1][-]{section.1.5}{1.5 Future Work}{chapter.1}% 16
\BOOKMARK [1][-]{section.1.6}{1.6 License}{chapter.1}% 17
\BOOKMARK [-1][]{part.2}{The Showcase}{}% 18
\BOOKMARK [0][]{chapter.2}{2 Examples}{part.2}% 19
\BOOKMARK [1][-]{section.2.1}{2.1 A New Section}{chapter.2}% 20
\BOOKMARK [2][-]{subsection.2.1.1}{2.1.1 Test for a Subsection}{section.2.1}% 21
\BOOKMARK [2][-]{subsection.2.1.2}{2.1.2 Autem Timeam}{section.2.1}% 22
\BOOKMARK [1][-]{section.2.2}{2.2 Another Section in This Chapter}{chapter.2}% 23
\BOOKMARK [2][-]{subsection.2.2.1}{2.2.1 Personas Initialmente}{section.2.2}% 24
\BOOKMARK [2][-]{subsection.2.2.2}{2.2.2 Figure Citations}{section.2.2}% 25
\BOOKMARK [0][]{chapter.3}{3 Math Test Chapter}{part.2}% 26
\BOOKMARK [1][-]{section.3.1}{3.1 Some Formulas}{chapter.3}% 27
\BOOKMARK [1][-]{section.3.2}{3.2 Various Mathematical Examples}{chapter.3}% 28
\BOOKMARK [-1][]{part.3}{Appendix}{}% 29
\BOOKMARK [0][]{appendix.A}{A Appendix Test}{part.3}% 30
\BOOKMARK [1][-]{section.A.1}{A.1 Appendix Section Test}{appendix.A}% 31
\BOOKMARK [1][-]{section.A.2}{A.2 Another Appendix Section Test}{appendix.A}% 32
\BOOKMARK [0][]{dummy.7}{Bibliography}{part.3}% 33
\BOOKMARK [0][]{colophon.0}{Colophon}{part.3}% 34
\BOOKMARK [0][]{declaration.0}{Declaration}{part.3}% 35
